c:\users\user\desktop\для себя\программирование\пробный проект\cppclr_winformsproject1\cppclr_winformsproject1\x64\debug\cppclr_winformsproject1.pch
c:\users\user\desktop\для себя\программирование\пробный проект\cppclr_winformsproject1\cppclr_winformsproject1\x64\debug\vc143.pdb
c:\users\user\desktop\для себя\программирование\пробный проект\cppclr_winformsproject1\cppclr_winformsproject1\x64\debug\pch.obj
c:\users\user\desktop\для себя\программирование\пробный проект\cppclr_winformsproject1\cppclr_winformsproject1\x64\debug\listkindergartenstudent.obj
c:\users\user\desktop\для себя\программирование\пробный проект\cppclr_winformsproject1\cppclr_winformsproject1\x64\debug\kindergartenstudent.obj
c:\users\user\desktop\для себя\программирование\пробный проект\cppclr_winformsproject1\cppclr_winformsproject1\x64\debug\form1.obj
c:\users\user\desktop\для себя\программирование\пробный проект\cppclr_winformsproject1\cppclr_winformsproject1\x64\debug\cppclr_winformsproject.obj
c:\users\user\desktop\для себя\программирование\пробный проект\cppclr_winformsproject1\cppclr_winformsproject1\x64\debug\assemblyinfo.obj
c:\users\user\desktop\для себя\программирование\пробный проект\cppclr_winformsproject1\cppclr_winformsproject1\x64\debug\.netframework,version=v4.7.2.assemblyattributes.obj
c:\users\user\desktop\для себя\программирование\пробный проект\cppclr_winformsproject1\x64\debug\cppclr_winformsproject1.exe
c:\users\user\desktop\для себя\программирование\пробный проект\cppclr_winformsproject1\x64\debug\cppclr_winformsproject1.pdb
c:\users\user\desktop\для себя\программирование\пробный проект\cppclr_winformsproject1\cppclr_winformsproject1\x64\debug\app.res
c:\users\user\desktop\для себя\программирование\пробный проект\cppclr_winformsproject1\cppclr_winformsproject1\x64\debug\cppclr_w.b67270d5.tlog\cl.command.1.tlog
c:\users\user\desktop\для себя\программирование\пробный проект\cppclr_winformsproject1\cppclr_winformsproject1\x64\debug\cppclr_w.b67270d5.tlog\cl.items.tlog
c:\users\user\desktop\для себя\программирование\пробный проект\cppclr_winformsproject1\cppclr_winformsproject1\x64\debug\cppclr_w.b67270d5.tlog\cl.read.1.tlog
c:\users\user\desktop\для себя\программирование\пробный проект\cppclr_winformsproject1\cppclr_winformsproject1\x64\debug\cppclr_w.b67270d5.tlog\cl.write.1.tlog
c:\users\user\desktop\для себя\программирование\пробный проект\cppclr_winformsproject1\cppclr_winformsproject1\x64\debug\cppclr_w.b67270d5.tlog\link.command.1.tlog
c:\users\user\desktop\для себя\программирование\пробный проект\cppclr_winformsproject1\cppclr_winformsproject1\x64\debug\cppclr_w.b67270d5.tlog\link.read.1.tlog
c:\users\user\desktop\для себя\программирование\пробный проект\cppclr_winformsproject1\cppclr_winformsproject1\x64\debug\cppclr_w.b67270d5.tlog\link.write.1.tlog
c:\users\user\desktop\для себя\программирование\пробный проект\cppclr_winformsproject1\cppclr_winformsproject1\x64\debug\cppclr_w.b67270d5.tlog\metagen.read.1.tlog
c:\users\user\desktop\для себя\программирование\пробный проект\cppclr_winformsproject1\cppclr_winformsproject1\x64\debug\cppclr_w.b67270d5.tlog\metagen.write.1.tlog
c:\users\user\desktop\для себя\программирование\пробный проект\cppclr_winformsproject1\cppclr_winformsproject1\x64\debug\cppclr_w.b67270d5.tlog\rc.command.1.tlog
c:\users\user\desktop\для себя\программирование\пробный проект\cppclr_winformsproject1\cppclr_winformsproject1\x64\debug\cppclr_w.b67270d5.tlog\rc.read.1.tlog
c:\users\user\desktop\для себя\программирование\пробный проект\cppclr_winformsproject1\cppclr_winformsproject1\x64\debug\cppclr_w.b67270d5.tlog\rc.write.1.tlog
c:\users\user\desktop\для себя\программирование\пробный проект\cppclr_winformsproject1\cppclr_winformsproject1\x64\debug\cppclr_w.b67270d5.tlog\resgen.command.1.tlog
c:\users\user\desktop\для себя\программирование\пробный проект\cppclr_winformsproject1\cppclr_winformsproject1\x64\debug\cppclr_w.b67270d5.tlog\resgen.read.1.tlog
c:\users\user\desktop\для себя\программирование\пробный проект\cppclr_winformsproject1\cppclr_winformsproject1\x64\debug\cppclr_w.b67270d5.tlog\resgen.write.1.tlog
